<?xml version="1.0" encoding="UTF-8"?>
<testsuite name="com.djamware.springsecuritymongo.SpringsecuritymongoApplicationTests" tests="1" skipped="0" failures="0" errors="0" timestamp="2024-05-20T12:56:15" hostname="numaan" time="0.445">
  <properties/>
  <testcase name="contextLoads()" classname="com.djamware.springsecuritymongo.SpringsecuritymongoApplicationTests" time="0.445"/>
  <system-out><![CDATA[18:26:11.239 [Test worker] DEBUG org.springframework.test.context.BootstrapUtils - Instantiating CacheAwareContextLoaderDelegate from class [org.springframework.test.context.cache.DefaultCacheAwareContextLoaderDelegate]
18:26:11.254 [Test worker] DEBUG org.springframework.test.context.BootstrapUtils - Instantiating BootstrapContext using constructor [public org.springframework.test.context.support.DefaultBootstrapContext(java.lang.Class,org.springframework.test.context.CacheAwareContextLoaderDelegate)]
18:26:11.287 [Test worker] DEBUG org.springframework.test.context.BootstrapUtils - Instantiating TestContextBootstrapper for test class [com.djamware.springsecuritymongo.SpringsecuritymongoApplicationTests] from class [org.springframework.boot.test.context.SpringBootTestContextBootstrapper]
18:26:11.302 [Test worker] INFO org.springframework.boot.test.context.SpringBootTestContextBootstrapper - Neither @ContextConfiguration nor @ContextHierarchy found for test class [com.djamware.springsecuritymongo.SpringsecuritymongoApplicationTests], using SpringBootContextLoader
18:26:11.306 [Test worker] DEBUG org.springframework.test.context.support.AbstractContextLoader - Did not detect default resource location for test class [com.djamware.springsecuritymongo.SpringsecuritymongoApplicationTests]: class path resource [com/djamware/springsecuritymongo/SpringsecuritymongoApplicationTests-context.xml] does not exist
18:26:11.307 [Test worker] DEBUG org.springframework.test.context.support.AbstractContextLoader - Did not detect default resource location for test class [com.djamware.springsecuritymongo.SpringsecuritymongoApplicationTests]: class path resource [com/djamware/springsecuritymongo/SpringsecuritymongoApplicationTestsContext.groovy] does not exist
18:26:11.307 [Test worker] INFO org.springframework.test.context.support.AbstractContextLoader - Could not detect default resource locations for test class [com.djamware.springsecuritymongo.SpringsecuritymongoApplicationTests]: no resource found for suffixes {-context.xml, Context.groovy}.
18:26:11.308 [Test worker] INFO org.springframework.test.context.support.AnnotationConfigContextLoaderUtils - Could not detect default configuration classes for test class [com.djamware.springsecuritymongo.SpringsecuritymongoApplicationTests]: SpringsecuritymongoApplicationTests does not declare any static, non-private, non-final, nested classes annotated with @Configuration.
18:26:11.344 [Test worker] DEBUG org.springframework.test.context.support.ActiveProfilesUtils - Could not find an 'annotation declaring class' for annotation type [org.springframework.test.context.ActiveProfiles] and class [com.djamware.springsecuritymongo.SpringsecuritymongoApplicationTests]
18:26:11.410 [Test worker] DEBUG org.springframework.context.annotation.ClassPathScanningCandidateComponentProvider - Identified candidate component class: file [/home/numaan/Documents/login-using-spring-security/Login-verification-main/build/classes/java/main/com/djamware/springsecuritymongo/SpringsecuritymongoApplication.class]
18:26:11.411 [Test worker] INFO org.springframework.boot.test.context.SpringBootTestContextBootstrapper - Found @SpringBootConfiguration com.djamware.springsecuritymongo.SpringsecuritymongoApplication for test class com.djamware.springsecuritymongo.SpringsecuritymongoApplicationTests
18:26:11.495 [Test worker] DEBUG org.springframework.boot.test.context.SpringBootTestContextBootstrapper - @TestExecutionListeners is not present for class [com.djamware.springsecuritymongo.SpringsecuritymongoApplicationTests]: using defaults.
18:26:11.496 [Test worker] INFO org.springframework.boot.test.context.SpringBootTestContextBootstrapper - Loaded default TestExecutionListener class names from location [META-INF/spring.factories]: [org.springframework.boot.test.autoconfigure.restdocs.RestDocsTestExecutionListener, org.springframework.boot.test.autoconfigure.web.client.MockRestServiceServerResetTestExecutionListener, org.springframework.boot.test.autoconfigure.web.servlet.MockMvcPrintOnlyOnFailureTestExecutionListener, org.springframework.boot.test.autoconfigure.web.servlet.WebDriverTestExecutionListener, org.springframework.boot.test.autoconfigure.webservices.client.MockWebServiceServerTestExecutionListener, org.springframework.boot.test.mock.mockito.MockitoTestExecutionListener, org.springframework.boot.test.mock.mockito.ResetMocksTestExecutionListener, org.springframework.security.test.context.support.WithSecurityContextTestExecutionListener, org.springframework.security.test.context.support.ReactorContextTestExecutionListener, org.springframework.test.context.web.ServletTestExecutionListener, org.springframework.test.context.support.DirtiesContextBeforeModesTestExecutionListener, org.springframework.test.context.support.DependencyInjectionTestExecutionListener, org.springframework.test.context.support.DirtiesContextTestExecutionListener, org.springframework.test.context.transaction.TransactionalTestExecutionListener, org.springframework.test.context.jdbc.SqlScriptsTestExecutionListener, org.springframework.test.context.event.EventPublishingTestExecutionListener]
18:26:11.513 [Test worker] INFO org.springframework.boot.test.context.SpringBootTestContextBootstrapper - Using TestExecutionListeners: [org.springframework.test.context.web.ServletTestExecutionListener@42f85aa, org.springframework.test.context.support.DirtiesContextBeforeModesTestExecutionListener@3b4401ce, org.springframework.boot.test.mock.mockito.MockitoTestExecutionListener@1a7e7ace, org.springframework.boot.test.autoconfigure.SpringBootDependencyInjectionTestExecutionListener@14f5a4de, org.springframework.test.context.support.DirtiesContextTestExecutionListener@6c0f613f, org.springframework.test.context.transaction.TransactionalTestExecutionListener@775e5701, org.springframework.test.context.jdbc.SqlScriptsTestExecutionListener@1e1ffb2e, org.springframework.security.test.context.support.WithSecurityContextTestExecutionListener@27f56f67, org.springframework.test.context.event.EventPublishingTestExecutionListener@30e4e43f, org.springframework.security.test.context.support.ReactorContextTestExecutionListener@35874b7d, org.springframework.boot.test.autoconfigure.restdocs.RestDocsTestExecutionListener@54200068, org.springframework.boot.test.autoconfigure.web.client.MockRestServiceServerResetTestExecutionListener@58a2d3dc, org.springframework.boot.test.autoconfigure.web.servlet.MockMvcPrintOnlyOnFailureTestExecutionListener@4ff001eb, org.springframework.boot.test.autoconfigure.web.servlet.WebDriverTestExecutionListener@402367cb, org.springframework.boot.test.autoconfigure.webservices.client.MockWebServiceServerTestExecutionListener@14541ce7, org.springframework.boot.test.mock.mockito.ResetMocksTestExecutionListener@5a260182]
18:26:11.516 [Test worker] DEBUG org.springframework.test.context.support.AbstractDirtiesContextTestExecutionListener - Before test class: context [DefaultTestContext@1fa9e6d0 testClass = SpringsecuritymongoApplicationTests, testInstance = [null], testMethod = [null], testException = [null], mergedContextConfiguration = [WebMergedContextConfiguration@7ee95878 testClass = SpringsecuritymongoApplicationTests, locations = '{}', classes = '{class com.djamware.springsecuritymongo.SpringsecuritymongoApplication}', contextInitializerClasses = '[]', activeProfiles = '{}', propertySourceLocations = '{}', propertySourceProperties = '{org.springframework.boot.test.context.SpringBootTestContextBootstrapper=true}', contextCustomizers = set[org.springframework.boot.test.autoconfigure.properties.PropertyMappingContextCustomizer@0, org.springframework.boot.test.autoconfigure.web.servlet.WebDriverContextCustomizerFactory$Customizer@2275f865, org.springframework.boot.test.context.filter.ExcludeFilterContextCustomizer@38b64b56, org.springframework.boot.test.json.DuplicateJsonObjectContextCustomizerFactory$DuplicateJsonObjectContextCustomizer@73e8cf3b, org.springframework.boot.test.mock.mockito.MockitoContextCustomizer@0, org.springframework.boot.test.web.client.TestRestTemplateContextCustomizer@78ca8a2b, org.springframework.boot.test.context.SpringBootTestArgs@1], resourceBasePath = 'src/main/webapp', contextLoader = 'org.springframework.boot.test.context.SpringBootContextLoader', parent = [null]], attributes = map['org.springframework.test.context.web.ServletTestExecutionListener.activateListener' -> true]], class annotated with @DirtiesContext [false] with mode [null].
18:26:11.547 [Test worker] DEBUG org.springframework.test.context.support.TestPropertySourceUtils - Adding inlined properties to environment: {spring.jmx.enabled=false, org.springframework.boot.test.context.SpringBootTestContextBootstrapper=true}

  .   ____          _            __ _ _
 /\\ / ___'_ __ _ _(_)_ __  __ _ \ \ \ \
( ( )\___ | '_ | '_| | '_ \/ _` | \ \ \ \
 \\/  ___)| |_)| | | | | || (_| |  ) ) ) )
  '  |____| .__|_| |_|_| |_\__, | / / / /
 =========|_|==============|___/=/_/_/_/
?[32m :: Spring Boot :: ?[39m      ?[2m (v2.3.0.RELEASE)?[0;39m

?[2m2024-05-20 18:26:11.858?[0;39m ?[32m INFO?[0;39m ?[35m19088?[0;39m ?[2m---?[0;39m ?[2m[    Test worker]?[0;39m ?[36m.d.s.SpringsecuritymongoApplicationTests?[0;39m ?[2m:?[0;39m Starting SpringsecuritymongoApplicationTests on numaan with PID 19088 (started by numaan in /home/numaan/Documents/login-using-spring-security/Login-verification-main)
?[2m2024-05-20 18:26:11.859?[0;39m ?[32m INFO?[0;39m ?[35m19088?[0;39m ?[2m---?[0;39m ?[2m[    Test worker]?[0;39m ?[36m.d.s.SpringsecuritymongoApplicationTests?[0;39m ?[2m:?[0;39m No active profile set, falling back to default profiles: default
?[2m2024-05-20 18:26:12.692?[0;39m ?[32m INFO?[0;39m ?[35m19088?[0;39m ?[2m---?[0;39m ?[2m[    Test worker]?[0;39m ?[36m.s.d.r.c.RepositoryConfigurationDelegate?[0;39m ?[2m:?[0;39m Bootstrapping Spring Data MongoDB repositories in DEFAULT mode.
?[2m2024-05-20 18:26:12.751?[0;39m ?[32m INFO?[0;39m ?[35m19088?[0;39m ?[2m---?[0;39m ?[2m[    Test worker]?[0;39m ?[36m.s.d.r.c.RepositoryConfigurationDelegate?[0;39m ?[2m:?[0;39m Finished Spring Data repository scanning in 54ms. Found 2 MongoDB repository interfaces.
?[2m2024-05-20 18:26:13.403?[0;39m ?[32m INFO?[0;39m ?[35m19088?[0;39m ?[2m---?[0;39m ?[2m[    Test worker]?[0;39m ?[36morg.mongodb.driver.cluster              ?[0;39m ?[2m:?[0;39m Cluster created with settings {hosts=[localhost:27017], mode=SINGLE, requiredClusterType=UNKNOWN, serverSelectionTimeout='30000 ms'}
?[2m2024-05-20 18:26:13.468?[0;39m ?[32m INFO?[0;39m ?[35m19088?[0;39m ?[2m---?[0;39m ?[2m[localhost:27017]?[0;39m ?[36morg.mongodb.driver.connection           ?[0;39m ?[2m:?[0;39m Opened connection [connectionId{localValue:1, serverValue:6}] to localhost:27017
?[2m2024-05-20 18:26:13.475?[0;39m ?[32m INFO?[0;39m ?[35m19088?[0;39m ?[2m---?[0;39m ?[2m[localhost:27017]?[0;39m ?[36morg.mongodb.driver.cluster              ?[0;39m ?[2m:?[0;39m Monitor thread successfully connected to server with description ServerDescription{address=localhost:27017, type=STANDALONE, state=CONNECTED, ok=true, minWireVersion=0, maxWireVersion=21, maxDocumentSize=16777216, logicalSessionTimeoutMinutes=30, roundTripTimeNanos=4351066}
?[2m2024-05-20 18:26:13.929?[0;39m ?[32m INFO?[0;39m ?[35m19088?[0;39m ?[2m---?[0;39m ?[2m[    Test worker]?[0;39m ?[36mo.s.s.web.DefaultSecurityFilterChain    ?[0;39m ?[2m:?[0;39m Creating filter chain: Ant [pattern='/resources/**'], []
?[2m2024-05-20 18:26:13.930?[0;39m ?[32m INFO?[0;39m ?[35m19088?[0;39m ?[2m---?[0;39m ?[2m[    Test worker]?[0;39m ?[36mo.s.s.web.DefaultSecurityFilterChain    ?[0;39m ?[2m:?[0;39m Creating filter chain: Ant [pattern='/static/**'], []
?[2m2024-05-20 18:26:13.930?[0;39m ?[32m INFO?[0;39m ?[35m19088?[0;39m ?[2m---?[0;39m ?[2m[    Test worker]?[0;39m ?[36mo.s.s.web.DefaultSecurityFilterChain    ?[0;39m ?[2m:?[0;39m Creating filter chain: Ant [pattern='/css/**'], []
?[2m2024-05-20 18:26:13.930?[0;39m ?[32m INFO?[0;39m ?[35m19088?[0;39m ?[2m---?[0;39m ?[2m[    Test worker]?[0;39m ?[36mo.s.s.web.DefaultSecurityFilterChain    ?[0;39m ?[2m:?[0;39m Creating filter chain: Ant [pattern='/js/**'], []
?[2m2024-05-20 18:26:13.930?[0;39m ?[32m INFO?[0;39m ?[35m19088?[0;39m ?[2m---?[0;39m ?[2m[    Test worker]?[0;39m ?[36mo.s.s.web.DefaultSecurityFilterChain    ?[0;39m ?[2m:?[0;39m Creating filter chain: Ant [pattern='/images/**'], []
?[2m2024-05-20 18:26:14.020?[0;39m ?[32m INFO?[0;39m ?[35m19088?[0;39m ?[2m---?[0;39m ?[2m[    Test worker]?[0;39m ?[36mo.s.s.web.DefaultSecurityFilterChain    ?[0;39m ?[2m:?[0;39m Creating filter chain: any request, [org.springframework.security.web.context.request.async.WebAsyncManagerIntegrationFilter@3b9ba14e, org.springframework.security.web.context.SecurityContextPersistenceFilter@1db82ea2, org.springframework.security.web.header.HeaderWriterFilter@58819816, org.springframework.web.filter.CorsFilter@2dc90a85, org.springframework.security.web.authentication.logout.LogoutFilter@24fe7f67, org.springframework.security.web.authentication.UsernamePasswordAuthenticationFilter@3e16c3eb, org.springframework.security.web.authentication.ui.DefaultLoginPageGeneratingFilter@4699194c, org.springframework.security.web.authentication.ui.DefaultLogoutPageGeneratingFilter@3e2a15ae, org.springframework.security.web.savedrequest.RequestCacheAwareFilter@1c06ad16, org.springframework.security.web.servletapi.SecurityContextHolderAwareRequestFilter@32a53253, org.springframework.security.web.authentication.AnonymousAuthenticationFilter@161666e1, org.springframework.security.web.session.SessionManagementFilter@650a82ec, org.springframework.security.web.access.ExceptionTranslationFilter@5e7b533b, org.springframework.security.web.access.intercept.FilterSecurityInterceptor@4129eb5d]
?[2m2024-05-20 18:26:14.397?[0;39m ?[32m INFO?[0;39m ?[35m19088?[0;39m ?[2m---?[0;39m ?[2m[    Test worker]?[0;39m ?[36mo.s.s.concurrent.ThreadPoolTaskExecutor ?[0;39m ?[2m:?[0;39m Initializing ExecutorService 'applicationTaskExecutor'
?[2m2024-05-20 18:26:15.114?[0;39m ?[32m INFO?[0;39m ?[35m19088?[0;39m ?[2m---?[0;39m ?[2m[    Test worker]?[0;39m ?[36m.d.s.SpringsecuritymongoApplicationTests?[0;39m ?[2m:?[0;39m Started SpringsecuritymongoApplicationTests in 3.559 seconds (JVM running for 4.753)
?[2m2024-05-20 18:26:15.183?[0;39m ?[32m INFO?[0;39m ?[35m19088?[0;39m ?[2m---?[0;39m ?[2m[    Test worker]?[0;39m ?[36morg.mongodb.driver.connection           ?[0;39m ?[2m:?[0;39m Opened connection [connectionId{localValue:2, serverValue:7}] to localhost:27017
]]></system-out>
  <system-err><![CDATA[]]></system-err>
</testsuite>
